# JRE version: Java(TM) SE Runtime Environment (8.0_333-b02) (build 1.8.0_333-b02)
# Java VM: Java HotSpot(TM) 64-Bit Server VM (25.333-b02 mixed mode windows-amd64 compressed oops)
Heap:
 PSYoungGen      total 264192K, used 180284K [0x00000000d6400000, 0x00000000e8080000, 0x0000000100000000)
  eden space 239104K, 75% used [0x00000000d6400000,0x00000000e140f2e0,0x00000000e4d80000)
  from space 25088K, 0% used [0x00000000e6800000,0x00000000e6800000,0x00000000e8080000)
  to   space 26112K, 0% used [0x00000000e4d80000,0x00000000e4d80000,0x00000000e6700000)
 ParOldGen       total 91648K, used 19690K [0x0000000082c00000, 0x0000000088580000, 0x00000000d6400000)
  object space 91648K, 21% used [0x0000000082c00000,0x0000000083f3a808,0x0000000088580000)
 Metaspace       used 48321K, capacity 50743K, committed 50776K, reserved 1093632K
  class space    used 6107K, capacity 6514K, committed 6528K, reserved 1048576K
GC Heap History (10 events):
Event: 1.894 GC heap before
{Heap before GC invocations=8 (full 1):
 PSYoungGen      total 114688K, used 112925K [0x00000000d6400000, 0x00000000ddc80000, 0x0000000100000000)
  eden space 105984K, 100% used [0x00000000d6400000,0x00000000dcb80000,0x00000000dcb80000)
  from space 8704K, 79% used [0x00000000dd400000,0x00000000ddac7700,0x00000000ddc80000)
  to   space 8704K, 0% used [0x00000000dcb80000,0x00000000dcb80000,0x00000000dd400000)
 ParOldGen       total 54784K, used 6889K [0x0000000082c00000, 0x0000000086180000, 0x00000000d6400000)
  object space 54784K, 12% used [0x0000000082c00000,0x00000000832ba558,0x0000000086180000)
 Metaspace       used 22152K, capacity 23148K, committed 23296K, reserved 1069056K
  class space    used 2744K, capacity 2950K, committed 3072K, reserved 1048576K
Event: 1.910 GC heap after
Heap after GC invocations=8 (full 1):
 PSYoungGen      total 114688K, used 8694K [0x00000000d6400000, 0x00000000e2e80000, 0x0000000100000000)
  eden space 105984K, 0% used [0x00000000d6400000,0x00000000d6400000,0x00000000dcb80000)
  from space 8704K, 99% used [0x00000000dcb80000,0x00000000dd3fdbc0,0x00000000dd400000)
  to   space 15872K, 0% used [0x00000000e1f00000,0x00000000e1f00000,0x00000000e2e80000)
 ParOldGen       total 54784K, used 19926K [0x0000000082c00000, 0x0000000086180000, 0x00000000d6400000)
  object space 54784K, 36% used [0x0000000082c00000,0x0000000083f75bd8,0x0000000086180000)
 Metaspace       used 22152K, capacity 23148K, committed 23296K, reserved 1069056K
  class space    used 2744K, capacity 2950K, committed 3072K, reserved 1048576K
}
Event: 2.193 GC heap before
{Heap before GC invocations=9 (full 1):
 PSYoungGen      total 114688K, used 114678K [0x00000000d6400000, 0x00000000e2e80000, 0x0000000100000000)
  eden space 105984K, 100% used [0x00000000d6400000,0x00000000dcb80000,0x00000000dcb80000)
  from space 8704K, 99% used [0x00000000dcb80000,0x00000000dd3fdbc0,0x00000000dd400000)
  to   space 15872K, 0% used [0x00000000e1f00000,0x00000000e1f00000,0x00000000e2e80000)
 ParOldGen       total 54784K, used 19926K [0x0000000082c00000, 0x0000000086180000, 0x00000000d6400000)
  object space 54784K, 36% used [0x0000000082c00000,0x0000000083f75bd8,0x0000000086180000)
 Metaspace       used 22182K, capacity 23148K, committed 23296K, reserved 1069056K
  class space    used 2752K, capacity 2950K, committed 3072K, reserved 1048576K
Event: 2.206 GC heap after
Heap after GC invocations=9 (full 1):
 PSYoungGen      total 187392K, used 15859K [0x00000000d6400000, 0x00000000e3980000, 0x0000000100000000)
  eden space 171520K, 0% used [0x00000000d6400000,0x00000000d6400000,0x00000000e0b80000)
  from space 15872K, 99% used [0x00000000e1f00000,0x00000000e2e7cf60,0x00000000e2e80000)
  to   space 19968K, 0% used [0x00000000e0b80000,0x00000000e0b80000,0x00000000e1f00000)
 ParOldGen       total 54784K, used 23955K [0x0000000082c00000, 0x0000000086180000, 0x00000000d6400000)
  object space 54784K, 43% used [0x0000000082c00000,0x0000000084364d90,0x0000000086180000)
 Metaspace       used 22182K, capacity 23148K, committed 23296K, reserved 1069056K
  class space    used 2752K, capacity 2950K, committed 3072K, reserved 1048576K
}
Event: 3.282 GC heap before
{Heap before GC invocations=10 (full 1):
 PSYoungGen      total 187392K, used 187379K [0x00000000d6400000, 0x00000000e3980000, 0x0000000100000000)
  eden space 171520K, 100% used [0x00000000d6400000,0x00000000e0b80000,0x00000000e0b80000)
  from space 15872K, 99% used [0x00000000e1f00000,0x00000000e2e7cf60,0x00000000e2e80000)
  to   space 19968K, 0% used [0x00000000e0b80000,0x00000000e0b80000,0x00000000e1f00000)
 ParOldGen       total 54784K, used 23955K [0x0000000082c00000, 0x0000000086180000, 0x00000000d6400000)
  object space 54784K, 43% used [0x0000000082c00000,0x0000000084364d90,0x0000000086180000)
 Metaspace       used 31654K, capacity 33226K, committed 33408K, reserved 1079296K
  class space    used 3870K, capacity 4151K, committed 4224K, reserved 1048576K
Event: 3.301 GC heap after
Heap after GC invocations=10 (full 1):
 PSYoungGen      total 191488K, used 19966K [0x00000000d6400000, 0x00000000e8280000, 0x0000000100000000)
  eden space 171520K, 0% used [0x00000000d6400000,0x00000000d6400000,0x00000000e0b80000)
  from space 19968K, 99% used [0x00000000e0b80000,0x00000000e1eff918,0x00000000e1f00000)
  to   space 27136K, 0% used [0x00000000e6800000,0x00000000e6800000,0x00000000e8280000)
 ParOldGen       total 54784K, used 34357K [0x0000000082c00000, 0x0000000086180000, 0x00000000d6400000)
  object space 54784K, 62% used [0x0000000082c00000,0x0000000084d8d7a8,0x0000000086180000)
 Metaspace       used 31654K, capacity 33226K, committed 33408K, reserved 1079296K
  class space    used 3870K, capacity 4151K, committed 4224K, reserved 1048576K
}
Event: 3.528 GC heap before
{Heap before GC invocations=11 (full 1):
 PSYoungGen      total 191488K, used 40173K [0x00000000d6400000, 0x00000000e8280000, 0x0000000100000000)
  eden space 171520K, 11% used [0x00000000d6400000,0x00000000d77bbe30,0x00000000e0b80000)
  from space 19968K, 99% used [0x00000000e0b80000,0x00000000e1eff918,0x00000000e1f00000)
  to   space 27136K, 0% used [0x00000000e6800000,0x00000000e6800000,0x00000000e8280000)
 ParOldGen       total 54784K, used 34357K [0x0000000082c00000, 0x0000000086180000, 0x00000000d6400000)
  object space 54784K, 62% used [0x0000000082c00000,0x0000000084d8d7a8,0x0000000086180000)
 Metaspace       used 33624K, capacity 35330K, committed 35416K, reserved 1081344K
  class space    used 4136K, capacity 4443K, committed 4480K, reserved 1048576K
Event: 3.535 GC heap after
Heap after GC invocations=11 (full 1):
 PSYoungGen      total 264192K, used 8099K [0x00000000d6400000, 0x00000000e8080000, 0x0000000100000000)
  eden space 239104K, 0% used [0x00000000d6400000,0x00000000d6400000,0x00000000e4d80000)
  from space 25088K, 32% used [0x00000000e6800000,0x00000000e6fe8c48,0x00000000e8080000)
  to   space 26112K, 0% used [0x00000000e4d80000,0x00000000e4d80000,0x00000000e6700000)
 ParOldGen       total 54784K, used 36941K [0x0000000082c00000, 0x0000000086180000, 0x00000000d6400000)
  object space 54784K, 67% used [0x0000000082c00000,0x00000000850137c8,0x0000000086180000)
 Metaspace       used 33624K, capacity 35330K, committed 35416K, reserved 1081344K
  class space    used 4136K, capacity 4443K, committed 4480K, reserved 1048576K
}
Event: 3.535 GC heap before
{Heap before GC invocations=12 (full 2):
 PSYoungGen      total 264192K, used 8099K [0x00000000d6400000, 0x00000000e8080000, 0x0000000100000000)
  eden space 239104K, 0% used [0x00000000d6400000,0x00000000d6400000,0x00000000e4d80000)
  from space 25088K, 32% used [0x00000000e6800000,0x00000000e6fe8c48,0x00000000e8080000)
  to   space 26112K, 0% used [0x00000000e4d80000,0x00000000e4d80000,0x00000000e6700000)
 ParOldGen       total 54784K, used 36941K [0x0000000082c00000, 0x0000000086180000, 0x00000000d6400000)
  object space 54784K, 67% used [0x0000000082c00000,0x00000000850137c8,0x0000000086180000)
 Metaspace       used 33624K, capacity 35330K, committed 35416K, reserved 1081344K
  class space    used 4136K, capacity 4443K, committed 4480K, reserved 1048576K
Event: 3.578 GC heap after
Heap after GC invocations=12 (full 2):
 PSYoungGen      total 264192K, used 0K [0x00000000d6400000, 0x00000000e8080000, 0x0000000100000000)
  eden space 239104K, 0% used [0x00000000d6400000,0x00000000d6400000,0x00000000e4d80000)
  from space 25088K, 0% used [0x00000000e6800000,0x00000000e6800000,0x00000000e8080000)
  to   space 26112K, 0% used [0x00000000e4d80000,0x00000000e4d80000,0x00000000e6700000)
 ParOldGen       total 91648K, used 19690K [0x0000000082c00000, 0x0000000088580000, 0x00000000d6400000)
  object space 91648K, 21% used [0x0000000082c00000,0x0000000083f3a808,0x0000000088580000)
 Metaspace       used 33624K, capacity 35330K, committed 35416K, reserved 1081344K
  class space    used 4136K, capacity 4443K, committed 4480K, reserved 1048576K
}

