# JRE version: Java(TM) SE Runtime Environment (8.0_333-b02) (build 1.8.0_333-b02)
# Java VM: Java HotSpot(TM) 64-Bit Server VM (25.333-b02 mixed mode windows-amd64 compressed oops)
Heap:
 PSYoungGen      total 237056K, used 130867K [0x00000000d6400000, 0x00000000e6780000, 0x0000000100000000)
  eden space 214528K, 61% used [0x00000000d6400000,0x00000000de3ccf70,0x00000000e3580000)
  from space 22528K, 0% used [0x00000000e5180000,0x00000000e5180000,0x00000000e6780000)
  to   space 25600K, 0% used [0x00000000e3580000,0x00000000e3580000,0x00000000e4e80000)
 ParOldGen       total 97792K, used 20481K [0x0000000082c00000, 0x0000000088b80000, 0x00000000d6400000)
  object space 97792K, 20% used [0x0000000082c00000,0x0000000084000470,0x0000000088b80000)
 Metaspace       used 44384K, capacity 46654K, committed 46720K, reserved 1089536K
  class space    used 5576K, capacity 5957K, committed 6016K, reserved 1048576K
GC Heap History (10 events):
Event: 1.883 GC heap before
{Heap before GC invocations=8 (full 1):
 PSYoungGen      total 109568K, used 107773K [0x00000000d6400000, 0x00000000dd900000, 0x0000000100000000)
  eden space 100864K, 100% used [0x00000000d6400000,0x00000000dc680000,0x00000000dc680000)
  from space 8704K, 79% used [0x00000000dcf00000,0x00000000dd5bf700,0x00000000dd780000)
  to   space 8704K, 0% used [0x00000000dc680000,0x00000000dc680000,0x00000000dcf00000)
 ParOldGen       total 57344K, used 6939K [0x0000000082c00000, 0x0000000086400000, 0x00000000d6400000)
  object space 57344K, 12% used [0x0000000082c00000,0x00000000832c6c28,0x0000000086400000)
 Metaspace       used 22165K, capacity 23148K, committed 23296K, reserved 1069056K
  class space    used 2744K, capacity 2950K, committed 3072K, reserved 1048576K
Event: 1.898 GC heap after
Heap after GC invocations=8 (full 1):
 PSYoungGen      total 109568K, used 8674K [0x00000000d6400000, 0x00000000e2100000, 0x0000000100000000)
  eden space 100864K, 0% used [0x00000000d6400000,0x00000000d6400000,0x00000000dc680000)
  from space 8704K, 99% used [0x00000000dc680000,0x00000000dcef8ab8,0x00000000dcf00000)
  to   space 15872K, 0% used [0x00000000e1180000,0x00000000e1180000,0x00000000e2100000)
 ParOldGen       total 57344K, used 19586K [0x0000000082c00000, 0x0000000086400000, 0x00000000d6400000)
  object space 57344K, 34% used [0x0000000082c00000,0x0000000083f20a08,0x0000000086400000)
 Metaspace       used 22165K, capacity 23148K, committed 23296K, reserved 1069056K
  class space    used 2744K, capacity 2950K, committed 3072K, reserved 1048576K
}
Event: 2.155 GC heap before
{Heap before GC invocations=9 (full 1):
 PSYoungGen      total 109568K, used 109538K [0x00000000d6400000, 0x00000000e2100000, 0x0000000100000000)
  eden space 100864K, 100% used [0x00000000d6400000,0x00000000dc680000,0x00000000dc680000)
  from space 8704K, 99% used [0x00000000dc680000,0x00000000dcef8ab8,0x00000000dcf00000)
  to   space 15872K, 0% used [0x00000000e1180000,0x00000000e1180000,0x00000000e2100000)
 ParOldGen       total 57344K, used 19586K [0x0000000082c00000, 0x0000000086400000, 0x00000000d6400000)
  object space 57344K, 34% used [0x0000000082c00000,0x0000000083f20a08,0x0000000086400000)
 Metaspace       used 22167K, capacity 23148K, committed 23296K, reserved 1069056K
  class space    used 2744K, capacity 2950K, committed 3072K, reserved 1048576K
Event: 2.167 GC heap after
Heap after GC invocations=9 (full 1):
 PSYoungGen      total 174592K, used 15859K [0x00000000d6400000, 0x00000000e2a80000, 0x0000000100000000)
  eden space 158720K, 0% used [0x00000000d6400000,0x00000000d6400000,0x00000000dff00000)
  from space 15872K, 99% used [0x00000000e1180000,0x00000000e20fcdf8,0x00000000e2100000)
  to   space 18944K, 0% used [0x00000000dff00000,0x00000000dff00000,0x00000000e1180000)
 ParOldGen       total 57344K, used 22280K [0x0000000082c00000, 0x0000000086400000, 0x00000000d6400000)
  object space 57344K, 38% used [0x0000000082c00000,0x00000000841c2268,0x0000000086400000)
 Metaspace       used 22167K, capacity 23148K, committed 23296K, reserved 1069056K
  class space    used 2744K, capacity 2950K, committed 3072K, reserved 1048576K
}
Event: 3.188 GC heap before
{Heap before GC invocations=10 (full 1):
 PSYoungGen      total 174592K, used 174579K [0x00000000d6400000, 0x00000000e2a80000, 0x0000000100000000)
  eden space 158720K, 100% used [0x00000000d6400000,0x00000000dff00000,0x00000000dff00000)
  from space 15872K, 99% used [0x00000000e1180000,0x00000000e20fcdf8,0x00000000e2100000)
  to   space 18944K, 0% used [0x00000000dff00000,0x00000000dff00000,0x00000000e1180000)
 ParOldGen       total 57344K, used 22280K [0x0000000082c00000, 0x0000000086400000, 0x00000000d6400000)
  object space 57344K, 38% used [0x0000000082c00000,0x00000000841c2268,0x0000000086400000)
 Metaspace       used 29126K, capacity 30654K, committed 30848K, reserved 1077248K
  class space    used 3661K, capacity 3955K, committed 3968K, reserved 1048576K
Event: 3.208 GC heap after
Heap after GC invocations=10 (full 1):
 PSYoungGen      total 177664K, used 18928K [0x00000000d6400000, 0x00000000e6b00000, 0x0000000100000000)
  eden space 158720K, 0% used [0x00000000d6400000,0x00000000d6400000,0x00000000dff00000)
  from space 18944K, 99% used [0x00000000dff00000,0x00000000e117c138,0x00000000e1180000)
  to   space 26112K, 0% used [0x00000000e5180000,0x00000000e5180000,0x00000000e6b00000)
 ParOldGen       total 57344K, used 33302K [0x0000000082c00000, 0x0000000086400000, 0x00000000d6400000)
  object space 57344K, 58% used [0x0000000082c00000,0x0000000084c85968,0x0000000086400000)
 Metaspace       used 29126K, capacity 30654K, committed 30848K, reserved 1077248K
  class space    used 3661K, capacity 3955K, committed 3968K, reserved 1048576K
}
Event: 3.562 GC heap before
{Heap before GC invocations=11 (full 1):
 PSYoungGen      total 177664K, used 60511K [0x00000000d6400000, 0x00000000e6b00000, 0x0000000100000000)
  eden space 158720K, 26% used [0x00000000d6400000,0x00000000d8c9bb80,0x00000000dff00000)
  from space 18944K, 99% used [0x00000000dff00000,0x00000000e117c138,0x00000000e1180000)
  to   space 26112K, 0% used [0x00000000e5180000,0x00000000e5180000,0x00000000e6b00000)
 ParOldGen       total 57344K, used 33302K [0x0000000082c00000, 0x0000000086400000, 0x00000000d6400000)
  object space 57344K, 58% used [0x0000000082c00000,0x0000000084c85968,0x0000000086400000)
 Metaspace       used 33624K, capacity 35334K, committed 35416K, reserved 1081344K
  class space    used 4138K, capacity 4443K, committed 4480K, reserved 1048576K
Event: 3.567 GC heap after
Heap after GC invocations=11 (full 1):
 PSYoungGen      total 237056K, used 9212K [0x00000000d6400000, 0x00000000e6780000, 0x0000000100000000)
  eden space 214528K, 0% used [0x00000000d6400000,0x00000000d6400000,0x00000000e3580000)
  from space 22528K, 40% used [0x00000000e5180000,0x00000000e5a7f340,0x00000000e6780000)
  to   space 25600K, 0% used [0x00000000e3580000,0x00000000e3580000,0x00000000e4e80000)
 ParOldGen       total 57344K, used 35622K [0x0000000082c00000, 0x0000000086400000, 0x00000000d6400000)
  object space 57344K, 62% used [0x0000000082c00000,0x0000000084ec9988,0x0000000086400000)
 Metaspace       used 33624K, capacity 35334K, committed 35416K, reserved 1081344K
  class space    used 4138K, capacity 4443K, committed 4480K, reserved 1048576K
}
Event: 3.567 GC heap before
{Heap before GC invocations=12 (full 2):
 PSYoungGen      total 237056K, used 9212K [0x00000000d6400000, 0x00000000e6780000, 0x0000000100000000)
  eden space 214528K, 0% used [0x00000000d6400000,0x00000000d6400000,0x00000000e3580000)
  from space 22528K, 40% used [0x00000000e5180000,0x00000000e5a7f340,0x00000000e6780000)
  to   space 25600K, 0% used [0x00000000e3580000,0x00000000e3580000,0x00000000e4e80000)
 ParOldGen       total 57344K, used 35622K [0x0000000082c00000, 0x0000000086400000, 0x00000000d6400000)
  object space 57344K, 62% used [0x0000000082c00000,0x0000000084ec9988,0x0000000086400000)
 Metaspace       used 33624K, capacity 35334K, committed 35416K, reserved 1081344K
  class space    used 4138K, capacity 4443K, committed 4480K, reserved 1048576K
Event: 3.609 GC heap after
Heap after GC invocations=12 (full 2):
 PSYoungGen      total 237056K, used 0K [0x00000000d6400000, 0x00000000e6780000, 0x0000000100000000)
  eden space 214528K, 0% used [0x00000000d6400000,0x00000000d6400000,0x00000000e3580000)
  from space 22528K, 0% used [0x00000000e5180000,0x00000000e5180000,0x00000000e6780000)
  to   space 25600K, 0% used [0x00000000e3580000,0x00000000e3580000,0x00000000e4e80000)
 ParOldGen       total 97792K, used 20481K [0x0000000082c00000, 0x0000000088b80000, 0x00000000d6400000)
  object space 97792K, 20% used [0x0000000082c00000,0x0000000084000470,0x0000000088b80000)
 Metaspace       used 33624K, capacity 35334K, committed 35416K, reserved 1081344K
  class space    used 4138K, capacity 4443K, committed 4480K, reserved 1048576K
}

