# JRE version: Java(TM) SE Runtime Environment (8.0_333-b02) (build 1.8.0_333-b02)
# Java VM: Java HotSpot(TM) 64-Bit Server VM (25.333-b02 mixed mode windows-amd64 compressed oops)
Heap:
 PSYoungGen      total 267776K, used 86354K [0x00000000d6400000, 0x00000000e8480000, 0x0000000100000000)
  eden space 242176K, 35% used [0x00000000d6400000,0x00000000db854b28,0x00000000e5080000)
  from space 25600K, 0% used [0x00000000e6b80000,0x00000000e6b80000,0x00000000e8480000)
  to   space 26624K, 0% used [0x00000000e5080000,0x00000000e5080000,0x00000000e6a80000)
 ParOldGen       total 53760K, used 19533K [0x0000000082c00000, 0x0000000086080000, 0x00000000d6400000)
  object space 53760K, 36% used [0x0000000082c00000,0x0000000083f134f8,0x0000000086080000)
 Metaspace       used 40329K, capacity 42394K, committed 42624K, reserved 1087488K
  class space    used 5039K, capacity 5381K, committed 5504K, reserved 1048576K
GC Heap History (10 events):
Event: 1.948 GC heap before
{Heap before GC invocations=8 (full 1):
 PSYoungGen      total 116224K, used 114429K [0x00000000d6400000, 0x00000000dde00000, 0x0000000100000000)
  eden space 107520K, 100% used [0x00000000d6400000,0x00000000dcd00000,0x00000000dcd00000)
  from space 8704K, 79% used [0x00000000dd580000,0x00000000ddc3f700,0x00000000dde00000)
  to   space 8704K, 0% used [0x00000000dcd00000,0x00000000dcd00000,0x00000000dd580000)
 ParOldGen       total 53760K, used 6953K [0x0000000082c00000, 0x0000000086080000, 0x00000000d6400000)
  object space 53760K, 12% used [0x0000000082c00000,0x00000000832ca598,0x0000000086080000)
 Metaspace       used 22143K, capacity 23080K, committed 23296K, reserved 1069056K
  class space    used 2744K, capacity 2950K, committed 3072K, reserved 1048576K
Event: 1.965 GC heap after
Heap after GC invocations=8 (full 1):
 PSYoungGen      total 116224K, used 8702K [0x00000000d6400000, 0x00000000e3180000, 0x0000000100000000)
  eden space 107520K, 0% used [0x00000000d6400000,0x00000000d6400000,0x00000000dcd00000)
  from space 8704K, 99% used [0x00000000dcd00000,0x00000000dd57f8a0,0x00000000dd580000)
  to   space 15872K, 0% used [0x00000000e2200000,0x00000000e2200000,0x00000000e3180000)
 ParOldGen       total 53760K, used 20220K [0x0000000082c00000, 0x0000000086080000, 0x00000000d6400000)
  object space 53760K, 37% used [0x0000000082c00000,0x0000000083fbf1f8,0x0000000086080000)
 Metaspace       used 22143K, capacity 23080K, committed 23296K, reserved 1069056K
  class space    used 2744K, capacity 2950K, committed 3072K, reserved 1048576K
}
Event: 2.268 GC heap before
{Heap before GC invocations=9 (full 1):
 PSYoungGen      total 116224K, used 116222K [0x00000000d6400000, 0x00000000e3180000, 0x0000000100000000)
  eden space 107520K, 100% used [0x00000000d6400000,0x00000000dcd00000,0x00000000dcd00000)
  from space 8704K, 99% used [0x00000000dcd00000,0x00000000dd57f8a0,0x00000000dd580000)
  to   space 15872K, 0% used [0x00000000e2200000,0x00000000e2200000,0x00000000e3180000)
 ParOldGen       total 53760K, used 20220K [0x0000000082c00000, 0x0000000086080000, 0x00000000d6400000)
  object space 53760K, 37% used [0x0000000082c00000,0x0000000083fbf1f8,0x0000000086080000)
 Metaspace       used 22178K, capacity 23144K, committed 23296K, reserved 1069056K
  class space    used 2753K, capacity 2950K, committed 3072K, reserved 1048576K
Event: 2.282 GC heap after
Heap after GC invocations=9 (full 1):
 PSYoungGen      total 189952K, used 15846K [0x00000000d6400000, 0x00000000e3c80000, 0x0000000100000000)
  eden space 174080K, 0% used [0x00000000d6400000,0x00000000d6400000,0x00000000e0e00000)
  from space 15872K, 99% used [0x00000000e2200000,0x00000000e31799e0,0x00000000e3180000)
  to   space 20480K, 0% used [0x00000000e0e00000,0x00000000e0e00000,0x00000000e2200000)
 ParOldGen       total 53760K, used 24708K [0x0000000082c00000, 0x0000000086080000, 0x00000000d6400000)
  object space 53760K, 45% used [0x0000000082c00000,0x00000000844210d8,0x0000000086080000)
 Metaspace       used 22178K, capacity 23144K, committed 23296K, reserved 1069056K
  class space    used 2753K, capacity 2950K, committed 3072K, reserved 1048576K
}
Event: 3.393 GC heap before
{Heap before GC invocations=10 (full 1):
 PSYoungGen      total 189952K, used 189926K [0x00000000d6400000, 0x00000000e3c80000, 0x0000000100000000)
  eden space 174080K, 100% used [0x00000000d6400000,0x00000000e0e00000,0x00000000e0e00000)
  from space 15872K, 99% used [0x00000000e2200000,0x00000000e31799e0,0x00000000e3180000)
  to   space 20480K, 0% used [0x00000000e0e00000,0x00000000e0e00000,0x00000000e2200000)
 ParOldGen       total 53760K, used 24708K [0x0000000082c00000, 0x0000000086080000, 0x00000000d6400000)
  object space 53760K, 45% used [0x0000000082c00000,0x00000000844210d8,0x0000000086080000)
 Metaspace       used 31869K, capacity 33460K, committed 33664K, reserved 1079296K
  class space    used 3904K, capacity 4184K, committed 4224K, reserved 1048576K
Event: 3.418 GC heap after
Heap after GC invocations=10 (full 1):
 PSYoungGen      total 194560K, used 20457K [0x00000000d6400000, 0x00000000e8600000, 0x0000000100000000)
  eden space 174080K, 0% used [0x00000000d6400000,0x00000000d6400000,0x00000000e0e00000)
  from space 20480K, 99% used [0x00000000e0e00000,0x00000000e21fa6d0,0x00000000e2200000)
  to   space 27136K, 0% used [0x00000000e6b80000,0x00000000e6b80000,0x00000000e8600000)
 ParOldGen       total 53760K, used 34388K [0x0000000082c00000, 0x0000000086080000, 0x00000000d6400000)
  object space 53760K, 63% used [0x0000000082c00000,0x0000000084d95280,0x0000000086080000)
 Metaspace       used 31869K, capacity 33460K, committed 33664K, reserved 1079296K
  class space    used 3904K, capacity 4184K, committed 4224K, reserved 1048576K
}
Event: 3.639 GC heap before
{Heap before GC invocations=11 (full 1):
 PSYoungGen      total 194560K, used 37373K [0x00000000d6400000, 0x00000000e8600000, 0x0000000100000000)
  eden space 174080K, 9% used [0x00000000d6400000,0x00000000d7484e60,0x00000000e0e00000)
  from space 20480K, 99% used [0x00000000e0e00000,0x00000000e21fa6d0,0x00000000e2200000)
  to   space 27136K, 0% used [0x00000000e6b80000,0x00000000e6b80000,0x00000000e8600000)
 ParOldGen       total 53760K, used 34388K [0x0000000082c00000, 0x0000000086080000, 0x00000000d6400000)
  object space 53760K, 63% used [0x0000000082c00000,0x0000000084d95280,0x0000000086080000)
 Metaspace       used 33639K, capacity 35334K, committed 35416K, reserved 1081344K
  class space    used 4139K, capacity 4443K, committed 4480K, reserved 1048576K
Event: 3.646 GC heap after
Heap after GC invocations=11 (full 1):
 PSYoungGen      total 267776K, used 7815K [0x00000000d6400000, 0x00000000e8480000, 0x0000000100000000)
  eden space 242176K, 0% used [0x00000000d6400000,0x00000000d6400000,0x00000000e5080000)
  from space 25600K, 30% used [0x00000000e6b80000,0x00000000e7321c48,0x00000000e8480000)
  to   space 26624K, 0% used [0x00000000e5080000,0x00000000e5080000,0x00000000e6a80000)
 ParOldGen       total 53760K, used 37068K [0x0000000082c00000, 0x0000000086080000, 0x00000000d6400000)
  object space 53760K, 68% used [0x0000000082c00000,0x00000000850332a0,0x0000000086080000)
 Metaspace       used 33639K, capacity 35334K, committed 35416K, reserved 1081344K
  class space    used 4139K, capacity 4443K, committed 4480K, reserved 1048576K
}
Event: 3.646 GC heap before
{Heap before GC invocations=12 (full 2):
 PSYoungGen      total 267776K, used 7815K [0x00000000d6400000, 0x00000000e8480000, 0x0000000100000000)
  eden space 242176K, 0% used [0x00000000d6400000,0x00000000d6400000,0x00000000e5080000)
  from space 25600K, 30% used [0x00000000e6b80000,0x00000000e7321c48,0x00000000e8480000)
  to   space 26624K, 0% used [0x00000000e5080000,0x00000000e5080000,0x00000000e6a80000)
 ParOldGen       total 53760K, used 37068K [0x0000000082c00000, 0x0000000086080000, 0x00000000d6400000)
  object space 53760K, 68% used [0x0000000082c00000,0x00000000850332a0,0x0000000086080000)
 Metaspace       used 33639K, capacity 35334K, committed 35416K, reserved 1081344K
  class space    used 4139K, capacity 4443K, committed 4480K, reserved 1048576K
Event: 3.698 GC heap after
Heap after GC invocations=12 (full 2):
 PSYoungGen      total 267776K, used 0K [0x00000000d6400000, 0x00000000e8480000, 0x0000000100000000)
  eden space 242176K, 0% used [0x00000000d6400000,0x00000000d6400000,0x00000000e5080000)
  from space 25600K, 0% used [0x00000000e6b80000,0x00000000e6b80000,0x00000000e8480000)
  to   space 26624K, 0% used [0x00000000e5080000,0x00000000e5080000,0x00000000e6a80000)
 ParOldGen       total 53760K, used 19533K [0x0000000082c00000, 0x0000000086080000, 0x00000000d6400000)
  object space 53760K, 36% used [0x0000000082c00000,0x0000000083f134f8,0x0000000086080000)
 Metaspace       used 33639K, capacity 35334K, committed 35416K, reserved 1081344K
  class space    used 4139K, capacity 4443K, committed 4480K, reserved 1048576K
}

